[2017-03-20 15:09:40] density_cluster.py [line:83] INFO 6108 start running compute distance. data count:559 point has to computing.
[2017-03-20 15:09:43] density_cluster.py [line:496] WARNING 6108 the init distance_c is: 104.0
[2017-03-20 15:09:47] density_cluster.py [line:418] DEBUG 6108 init the first max distance_c:291.0
[2017-03-20 15:10:18] density_cluster.py [line:408] INFO 6108 staring computing pile, in distance_c:105.0. pile count about:558
[2017-03-20 15:10:18] density_cluster.py [line:438] INFO 6108 0.5time, finished the data about: (559, 559) distance_c:105.5 next increase:1
[2017-03-20 15:10:49] density_cluster.py [line:408] INFO 6108 staring computing pile, in distance_c:105.5. pile count about:558
[2017-03-20 15:10:49] density_cluster.py [line:438] INFO 6108 1.0time, finished the data about: (559, 559) distance_c:106.0 next increase:1
[2017-03-20 15:11:19] density_cluster.py [line:408] INFO 6108 staring computing pile, in distance_c:106.0. pile count about:558
[2017-03-20 15:11:19] density_cluster.py [line:438] INFO 6108 1.5time, finished the data about: (559, 559) distance_c:106.5 next increase:1
[2017-03-20 15:11:52] density_cluster.py [line:408] INFO 6108 staring computing pile, in distance_c:106.5. pile count about:558
[2017-03-20 15:11:52] density_cluster.py [line:438] INFO 6108 2.0time, finished the data about: (559, 559) distance_c:107.0 next increase:1
[2017-03-20 15:12:21] density_cluster.py [line:408] INFO 6108 staring computing pile, in distance_c:107.0. pile count about:557
[2017-03-20 15:12:21] density_cluster.py [line:438] INFO 6108 2.5time, finished the data about: (559, 559) distance_c:107.5 next increase:1
[2017-03-20 15:12:51] density_cluster.py [line:408] INFO 6108 staring computing pile, in distance_c:107.5. pile count about:557
[2017-03-20 15:12:51] density_cluster.py [line:438] INFO 6108 3.0time, finished the data about: (559, 559) distance_c:108.0 next increase:1
[2017-03-20 15:13:21] density_cluster.py [line:408] INFO 6108 staring computing pile, in distance_c:108.0. pile count about:557
[2017-03-20 15:13:21] density_cluster.py [line:438] INFO 6108 3.5time, finished the data about: (559, 559) distance_c:108.5 next increase:1
[2017-03-20 15:13:51] density_cluster.py [line:408] INFO 6108 staring computing pile, in distance_c:108.5. pile count about:557
[2017-03-20 15:13:51] density_cluster.py [line:438] INFO 6108 4.0time, finished the data about: (559, 559) distance_c:109.0 next increase:1
[2017-03-20 15:14:22] density_cluster.py [line:408] INFO 6108 staring computing pile, in distance_c:109.0. pile count about:557
