144: <class 'list'>: [62, 144, 179, 288, 429, 486, 527]
521: <class 'list'>: [30, 66, 217, 238, 265, 275, 414, 521]
10: <class 'list'>: [10, 62, 134, 179, 288]
6382     0
2264     7

<class 'list'>: [4, 10, 11, 12, 17, 22, 27, 28, 35, 38, 87, 88, 94, 95, 125, 134, 140, 144, 147, 151, 154, 156, 173, 179, 192, 199, 206, 211, 213, 217, 228, 238, 239, 245, 249, 258, 265, 275, 288, 313, 314, 315, 332, 368, 378, 381, 387, 400, 424, 430, 462, 473, 486, 502, 527, 533, 538, 539, 550, 555]
<class 'list'>: <Too big to print. Len: 441>
000 = {int} 1
001 = {int} 4
002 = {int} 5
003 = {int} 6
004 = {int} 7
005 = {int} 8
006 = {int} 9
007 = {int} 10
008 = {int} 12
009 = {int} 13
010 = {int} 14
011 = {int} 15
012 = {int} 16
013 = {int} 17
014 = {int} 18
015 = {int} 19
016 = {int} 20
017 = {int} 22
018 = {int} 23
019 = {int} 24
020 = {int} 25
021 = {int} 26
022 = {int} 27
023 = {int} 28
024 = {int} 29
025 = {int} 30
026 = {int} 31
027 = {int} 32
028 = {int} 33
029 = {int} 34
030 = {int} 35
031 = {int} 36
032 = {int} 37
033 = {int} 38
034 = {int} 40
035 = {int} 41
036 = {int} 42
037 = {int} 43
038 = {int} 44
039 = {int} 46
040 = {int} 48
041 = {int} 49
042 = {int} 50
043 = {int} 52
044 = {int} 53
045 = {int} 55
046 = {int} 57
047 = {int} 58
048 = {int} 59
049 = {int} 60
050 = {int} 61
051 = {int} 62
052 = {int} 64
053 = {int} 65
054 = {int} 66
055 = {int} 68
056 = {int} 69
057 = {int} 70
058 = {int} 71
059 = {int} 74
060 = {int} 75
061 = {int} 77
062 = {int} 78
063 = {int} 80
064 = {int} 81
065 = {int} 82
066 = {int} 84
067 = {int} 85
068 = {int} 86
069 = {int} 87
070 = {int} 88
071 = {int} 90
072 = {int} 91
073 = {int} 92
074 = {int} 93
075 = {int} 94
076 = {int} 95
077 = {int} 96
078 = {int} 97
079 = {int} 98
080 = {int} 99
081 = {int} 100
082 = {int} 101
083 = {int} 102
084 = {int} 103
085 = {int} 104
086 = {int} 106
087 = {int} 107
088 = {int} 109
089 = {int} 110
090 = {int} 111
091 = {int} 112
092 = {int} 114
093 = {int} 115
094 = {int} 118
095 = {int} 119
096 = {int} 120
097 = {int} 122
098 = {int} 123
099 = {int} 124
100 = {int} 125
101 = {int} 127
102 = {int} 128
103 = {int} 129
104 = {int} 131
105 = {int} 132
106 = {int} 133
107 = {int} 134
108 = {int} 137
109 = {int} 139
110 = {int} 140
111 = {int} 141
112 = {int} 142
113 = {int} 143
114 = {int} 144
115 = {int} 145
116 = {int} 146
117 = {int} 147
118 = {int} 149
119 = {int} 150
120 = {int} 151
121 = {int} 152
122 = {int} 153
123 = {int} 154
124 = {int} 156
125 = {int} 157
126 = {int} 158
127 = {int} 160
128 = {int} 161
129 = {int} 162
130 = {int} 163
131 = {int} 165
132 = {int} 168
133 = {int} 169
134 = {int} 170
135 = {int} 171
136 = {int} 172
137 = {int} 173
138 = {int} 175
139 = {int} 177
140 = {int} 178
141 = {int} 179
142 = {int} 180
143 = {int} 181
144 = {int} 183
145 = {int} 184
146 = {int} 186
147 = {int} 187
148 = {int} 189
149 = {int} 190
150 = {int} 191
151 = {int} 192
152 = {int} 193
153 = {int} 194
154 = {int} 196
155 = {int} 197
156 = {int} 198
157 = {int} 199
158 = {int} 200
159 = {int} 201
160 = {int} 202
161 = {int} 204
162 = {int} 205
163 = {int} 206
164 = {int} 207
165 = {int} 208
166 = {int} 209
167 = {int} 210
168 = {int} 211
169 = {int} 212
170 = {int} 213
171 = {int} 214
172 = {int} 215
173 = {int} 216
174 = {int} 217
175 = {int} 218
176 = {int} 219
177 = {int} 221
178 = {int} 223
179 = {int} 225
180 = {int} 226
181 = {int} 228
182 = {int} 229
183 = {int} 230
184 = {int} 231
185 = {int} 232
186 = {int} 233
187 = {int} 235
188 = {int} 237
189 = {int} 238
190 = {int} 239
191 = {int} 241
192 = {int} 244
193 = {int} 245
194 = {int} 246
195 = {int} 248
196 = {int} 249
197 = {int} 250
198 = {int} 252
199 = {int} 253
200 = {int} 254
201 = {int} 255
202 = {int} 257
203 = {int} 259
204 = {int} 260
205 = {int} 261
206 = {int} 262
207 = {int} 263
208 = {int} 264
209 = {int} 265
210 = {int} 266
211 = {int} 267
212 = {int} 268
213 = {int} 269
214 = {int} 271
215 = {int} 272
216 = {int} 273
217 = {int} 274
218 = {int} 275
219 = {int} 276
220 = {int} 277
221 = {int} 278
222 = {int} 279
223 = {int} 280
224 = {int} 281
225 = {int} 283
226 = {int} 285
227 = {int} 286
228 = {int} 287
229 = {int} 288
230 = {int} 289
231 = {int} 290
232 = {int} 292
233 = {int} 293
234 = {int} 294
235 = {int} 295
236 = {int} 296
237 = {int} 298
238 = {int} 299
239 = {int} 300
240 = {int} 304
241 = {int} 306
242 = {int} 307
243 = {int} 308
244 = {int} 311
245 = {int} 312
246 = {int} 313
247 = {int} 314
248 = {int} 315
249 = {int} 317
250 = {int} 318
251 = {int} 320
252 = {int} 321
253 = {int} 322
254 = {int} 323
255 = {int} 324
256 = {int} 325
257 = {int} 326
258 = {int} 327
259 = {int} 328
260 = {int} 329
261 = {int} 330
262 = {int} 331
263 = {int} 332
264 = {int} 333
265 = {int} 334
266 = {int} 336
267 = {int} 337
268 = {int} 338
269 = {int} 339
270 = {int} 340
271 = {int} 341
272 = {int} 342
273 = {int} 343
274 = {int} 344
275 = {int} 346
276 = {int} 347
277 = {int} 348
278 = {int} 350
279 = {int} 351
280 = {int} 352
281 = {int} 353
282 = {int} 354
283 = {int} 355
284 = {int} 358
285 = {int} 359
286 = {int} 360
287 = {int} 361
288 = {int} 362
289 = {int} 363
290 = {int} 364
291 = {int} 366
292 = {int} 367
293 = {int} 368
294 = {int} 369
295 = {int} 370
296 = {int} 371
297 = {int} 372
298 = {int} 373
299 = {int} 374
300 = {int} 375
